0 8
0.1 8
0.2 8
0.3 8
0.4 8
0.5 8
0.6 8
0.7 8
0.8 8
0.9 8
1 8
1.1 8
1.2 8
1.3 8
1.4 8
1.5 8
1.6 8
1.7 8
1.8 8
1.9 8
2 8
2.1 8
2.2 8
2.3 8
2.4 8
2.5 8
2.6 8
2.7 8
2.8 8
2.9 8
3 8
3.1 8
3.2 8
3.3 8
3.4 8
3.5 8
3.6 8
3.7 8
3.8 8
3.9 8
4 8
4.1 8
4.2 8
4.3 8
4.4 8
4.5 8
4.6 8
4.7 8
4.8 8
4.9 8
5 8
5.1 2
5.2 2
5.3 2
5.4 2
5.5 2
5.6 2
5.7 2
5.8 2
5.9 2
6 2
6.1 2
6.2 2
6.3 2
6.4 2
6.5 2
6.6 2
6.7 2
6.8 2
6.9 2
7 2
7.1 2
7.2 2
7.3 2
7.4 2
7.5 2
7.6 2
7.7 2
7.8 2
7.9 2
8 2
8.1 2
8.2 2
8.3 2
8.4 2
8.5 2
8.6 2
8.7 2
8.8 2
8.9 2
9 2
9.1 2
9.2 2
9.3 2
9.4 2
9.5 2
9.6 2
9.7 2
9.8 2
9.9 2
10 2
10.1 6
10.2 6
10.3 6
10.4 6
10.5 6
10.6 6
10.7 6
10.8 6
10.9 6
11 6
11.1 6
11.2 6
11.3 6
11.4 6
11.5 6
11.6 6
11.7 6
11.8 6
11.9 6
12 6
12.1 6
12.2 6
12.3 6
12.4 6
12.5 6
12.6 6
12.7 6
12.8 6
12.9 6
13 6
13.1 6
13.2 6
13.3 6
13.4 6
13.5 6
13.6 6
13.7 6
13.8 6
13.9 6
14 6
14.1 6
14.2 6
14.3 6
14.4 6
14.5 6
14.6 6
14.7 6
14.8 6
14.9 6
15 6
15.1 4
15.2 4
15.3 4
15.4 4
15.5 4
15.6 4
15.7 4
15.8 4
15.9 4
16 4
16.1 4
16.2 4
16.3 4
16.4 4
16.5 4
16.6 4
16.7 4
16.8 4
16.9 4
17 4
17.1 4
17.2 4
17.3 4
17.4 4
17.5 4
17.6 4
17.7 4
17.8 4
17.9 4
18 4
18.1 4
18.2 4
18.3 4
18.4 4
18.5 4
18.6 4
18.7 4
18.8 4
18.9 4
19 4
19.1 4
19.2 4
19.3 4
19.4 4
19.5 4
19.6 4
19.7 4
19.8 4
19.9 4
20 4
20.1 4
20.2 4
20.3 4
20.4 4
20.5 4
20.6 4
20.7 4
20.8 4
20.9 4
21 4
21.1 4
21.2 4
21.3 4
21.4 4
21.5 4
21.6 4
21.7 4
21.8 4
21.9 4
22 4
22.1 4
22.2 4
22.3 4
22.4 4
22.5 4
22.6 4
22.7 4
22.8 4
22.9 4
23 4
23.1 4
23.2 4
23.3 4
23.4 4
23.5 4
23.6 4
23.7 4
23.8 4
23.9 4
24 4
24.1 4
24.2 4
24.3 4
24.4 4
24.5 4
24.6 4
24.7 4
24.8 4
24.9 4
25 2
25.1 2
25.2 2
25.3 2
25.4 2
25.5 2
25.6 2
25.7 2
25.8 2
25.9 2
26 2
26.1 2
26.2 2
26.3 2
26.4 2
26.5 2
26.6 2
26.7 2
26.8 2
26.9 2
27 2
27.1 2
27.2 2
27.3 2
27.4 2
27.5 2
27.6 2
27.7 2
27.8 2
27.9 2
28 2
28.1 2
28.2 2
28.3 2
28.4 2
28.5 2
28.6 2
28.7 2
28.8 2
28.9 2
29 2
29.1 2
29.2 2
29.3 2
29.4 2
29.5 2
29.6 2
29.7 2
29.8 2
29.9 2
30 8
30.1 8
30.2 8
30.3 8
30.4 8
30.5 8
30.6 8
30.7 8
30.8 8
30.9 8
31 8
31.1 8
31.2 8
31.3 8
31.4 8
31.5 8
31.6 8
31.7 8
31.8 8
31.9 8
32 8
32.1 8
32.2 8
32.3 8
32.4 8
32.5 8
32.6 8
32.7 8
32.8 8
32.9 8
33 8
33.1 8
33.2 8
33.3 8
33.4 8
33.5 8
33.6 8
33.7 8
33.8 8
33.9 8
34 8
34.1 8
34.2 8
34.3 8
34.4 8
34.5 8
34.6 8
34.7 8
34.8 8
34.9 8
35 8
35.1 8
35.2 8
35.3 8
35.4 8
35.5 8
35.6 8
35.7 8
35.8 8
35.9 8
36 8
36.1 8
36.2 8
36.3 8
36.4 8
36.5 8
36.6 8
36.7 8
36.8 8
36.9 8
37 8
37.1 8
37.2 8
37.3 8
37.4 8
37.5 8
37.6 8
37.7 8
37.8 8
37.9 8
38 8
38.1 8
38.2 8
38.3 8
38.4 8
38.5 8
38.6 8
38.7 8
38.8 8
38.9 8
39 8
39.1 8
39.2 8
39.3 8
39.4 8
39.5 8
39.6 8
39.7 8
39.8 8
39.9 8
40 8
40.1 8
40.2 8
40.3 8
40.4 8
40.5 8
40.6 8
40.7 8
40.8 8
40.9 8
41 8
41.1 8
41.2 8
41.3 8
41.4 8
41.5 8
41.6 8
41.7 8
41.8 8
41.9 8
42 8
42.1 8
42.2 8
42.3 8
42.4 8
42.5 8
42.6 8
42.7 8
42.8 8
42.9 8
43 8
43.1 8
43.2 8
43.3 8
43.4 8
43.5 8
43.6 8
43.7 8
43.8 8
43.9 8
44 8
44.1 8
44.2 8
44.3 8
44.4 8
44.5 8
44.6 8
44.7 8
44.8 8
44.9 8
45 8
45.1 8
45.2 8
45.3 8
45.4 8
45.5 8
45.6 8
45.7 8
45.8 8
45.9 8
46 8
46.1 8
46.2 8
46.3 8
46.4 8
46.5 8
46.6 8
46.7 8
46.8 8
46.9 8
47 8
47.1 8
47.2 8
47.3 8
47.4 8
47.5 8
47.6 8
47.7 8
47.8 8
47.9 8
48 8
48.1 8
48.2 8
48.3 8
48.4 8
48.5 8
48.6 8
48.7 8
48.8 8
48.9 8
49 8
49.1 8
49.2 8
49.3 8
49.4 8
49.5 8
49.6 8
49.7 8
49.8 8
49.9 8
50 8
50.1 8
50.2 8
50.3 8
50.4 8
50.5 8
50.6 8
50.7 8
50.8 8
50.9 8
51 8
51.1 8
51.2 8
51.3 8
51.4 8
51.5 8
51.6 8
51.7 8
51.8 8
51.9 8
52 8
52.1 8
52.2 8
52.3 8
52.4 8
52.5 8
52.6 8
52.7 8
52.8 8
52.9 8
53 8
53.1 8
53.2 8
53.3 8
53.4 8
53.5 8
53.6 8
53.7 8
53.8 8
53.9 8
54 8
54.1 8
54.2 8
54.3 8
54.4 8
54.5 8
54.6 8
54.7 8
54.8 8
54.9 8
55 4
55.1 4
55.2 4
55.3 4
55.4 4
55.5 4
55.6 4
55.7 4
55.8 4
55.9 4
56 4
56.1 4
56.2 4
56.3 4
56.4 4
56.5 4
56.6 4
56.7 4
56.8 4
56.9 4
57 4
57.1 4
57.2 4
57.3 4
57.4 4
57.5 4
57.6 4
57.7 4
57.8 4
57.9 4
58 4
58.1 4
58.2 4
58.3 4
58.4 4
58.5 4
58.6 4
58.7 4
58.8 4
58.9 4
59 4
59.1 4
59.2 4
59.3 4
59.4 4
59.5 4
59.6 4
59.7 4
59.8 4
59.9 4
60 8
60.1 8
60.2 8
60.3 8
60.4 8
60.5 8
60.6 8
60.7 8
60.8 8
60.9 8
61 8
61.1 8
61.2 8
61.3 8
61.4 8
61.5 8
61.6 8
61.7 8
61.8 8
61.9 8
62 8
62.1 8
62.2 8
62.3 8
62.4 8
62.5 8
62.6 8
62.7 8
62.8 8
62.9 8
63 8
63.1 8
63.2 8
63.3 8
63.4 8
63.5 8
63.6 8
63.7 8
63.8 8
63.9 8
64 8
64.1 8
64.2 8
64.3 8
64.4 8
64.5 8
64.6 8
64.7 8
64.8 8
64.9 8
65 8
65.1 8
65.2 8
65.3 8
65.4 8
65.5 8
65.6 8
65.7 8
65.8 8
65.9 8
66 8
66.1 8
66.2 8
66.3 8
66.4 8
66.5 8
66.6 8
66.7 8
66.8 8
66.9 8
67 8
67.1 8
67.2 8
67.3 8
67.4 8
67.5 8
67.6 8
67.7 8
67.8 8
67.9 8
68 8
68.1 8
68.2 8
68.3 8
68.4 8
68.5 8
68.6 8
68.7 8
68.8 8
68.9 8
69 8
69.1 8
69.2 8
69.3 8
69.4 8
69.5 8
69.6 8
69.7 8
69.8 8
69.9 8
70 4
70.1 4
70.2 4
70.3 4
70.4 4
70.5 4
70.6 4
70.7 4
70.8 4
70.9 4
71 4
71.1 4
71.2 4
71.3 4
71.4 4
71.5 4
71.6 4
71.7 4
71.8 4
71.9 4
72 4
72.1 4
72.2 4
72.3 4
72.4 4
72.5 4
72.6 4
72.7 4
72.8 4
72.9 4
73 4
73.1 4
73.2 4
73.3 4
73.4 4
73.5 4
73.6 4
73.7 4
73.8 4
73.9 4
74 4
74.1 4
74.2 4
74.3 4
74.4 4
74.5 4
74.6 4
74.7 4
74.8 4
74.9 4
75 8
75.1 8
75.2 8
75.3 8
75.4 8
75.5 8
75.6 8
75.7 8
75.8 8
75.9 8
76 8
76.1 8
76.2 8
76.3 8
76.4 8
76.5 8
76.6 8
76.7 8
76.8 8
76.9 8
77 8
77.1 8
77.2 8
77.3 8
77.4 8
77.5 8
77.6 8
77.7 8
77.8 8
77.9 8
78 8
78.1 8
78.2 8
78.3 8
78.4 8
78.5 8
78.6 8
78.7 8
78.8 8
78.9 8
79 8
79.1 8
79.2 8
79.3 8
79.4 8
79.5 8
79.6 8
79.7 8
79.8 8
79.9 8
80 8
80.1 6
80.2 6
80.3 6
80.4 6
80.5 6
80.6 6
80.7 6
80.8 6
80.9 6
81 6
81.1 6
81.2 6
81.3 6
81.4 6
81.5 6
81.6 6
81.7 6
81.8 6
81.9 6
82 6
82.1 6
82.2 6
82.3 6
82.4 6
82.5 6
82.6 6
82.7 6
82.8 6
82.9 6
83 6
83.1 6
83.2 6
83.3 6
83.4 6
83.5 6
83.6 6
83.7 6
83.8 6
83.9 6
84 6
84.1 6
84.2 6
84.3 6
84.4 6
84.5 6
84.6 6
84.7 6
84.8 6
84.9 6
85 6
85.1 8
85.2 8
85.3 8
85.4 8
85.5 8
85.6 8
85.7 8
85.8 8
85.9 8
86 8
86.1 8
86.2 8
86.3 8
86.4 8
86.5 8
86.6 8
86.7 8
86.8 8
86.9 8
87 8
87.1 8
87.2 8
87.3 8
87.4 8
87.5 8
87.6 8
87.7 8
87.8 8
87.9 8
88 8
88.1 8
88.2 8
88.3 8
88.4 8
88.5 8
88.6 8
88.7 8
88.8 8
88.9 8
89 8
89.1 8
89.2 8
89.3 8
89.4 8
89.5 8
89.6 8
89.7 8
89.8 8
89.9 8
90 8
90.1 6
90.2 6
90.3 6
90.4 6
90.5 6
90.6 6
90.7 6
90.8 6
90.9 6
91 6
91.1 6
91.2 6
91.3 6
91.4 6
91.5 6
91.6 6
91.7 6
91.8 6
91.9 6
92 6
92.1 6
92.2 6
92.3 6
92.4 6
92.5 6
92.6 6
92.7 6
92.8 6
92.9 6
93 6
93.1 6
93.2 6
93.3 6
93.4 6
93.5 6
93.6 6
93.7 6
93.8 6
93.9 6
94 6
94.1 6
94.2 6
94.3 6
94.4 6
94.5 6
94.6 6
94.7 6
94.8 6
94.9 6
95 6
95.1 8
95.2 8
95.3 8
95.4 8
95.5 8
95.6 8
95.7 8
95.8 8
95.9 8
96 8
96.1 8
96.2 8
96.3 8
96.4 8
96.5 8
96.6 8
96.7 8
96.8 8
96.9 8
97 8
97.1 8
97.2 8
97.3 8
97.4 8
97.5 8
97.6 8
97.7 8
97.8 8
97.9 8
98 8
98.1 8
98.2 8
98.3 8
98.4 8
98.5 8
98.6 8
98.7 8
98.8 8
98.9 8
99 8
99.1 8
99.2 8
99.3 8
99.4 8
99.5 8
99.6 8
99.7 8
99.8 8
99.9 8
100 8
